<?xml version="1.0" encoding="UTF-8"?>
<!-- Generated by org.testng.reporters.JUnitXMLReporter -->
<testsuite ignored="0" hostname="LAPTOP-KM09S0GE" failures="0" tests="1" name="test2" time="18.178" errors="0" timestamp="2022-10-15T22:13:39 IST">
  <testcase classname="com.crm.jenericutility.BaseClass" name="@BeforeClass BC" time="17.935">
    <failure type="java.lang.IllegalStateException" message="The path to the driver executable must be set by the webdriver.edge.driver system property; for more information, see https://github.com/SeleniumHQ/selenium/wiki/MicrosoftWebDriver. The latest version can be downloaded from http://go.microsoft.com/fwlink/?LinkId=619687">
      <![CDATA[java.lang.IllegalStateException: The path to the driver executable must be set by the webdriver.edge.driver system property; for more information, see https://github.com/SeleniumHQ/selenium/wiki/MicrosoftWebDriver. The latest version can be downloaded from http://go.microsoft.com/fwlink/?LinkId=619687
at com.google.common.base.Preconditions.checkState(Preconditions.java:847)
at org.openqa.selenium.remote.service.DriverService.findExecutable(DriverService.java:134)
at org.openqa.selenium.edge.EdgeDriverService.access$000(EdgeDriverService.java:37)
at org.openqa.selenium.edge.EdgeDriverService$Builder.findDefaultExecutable(EdgeDriverService.java:90)
at org.openqa.selenium.remote.service.DriverService$Builder.build(DriverService.java:355)
at org.openqa.selenium.edge.EdgeDriverService.createDefaultService(EdgeDriverService.java:70)
at org.openqa.selenium.edge.EdgeDriver.<init>(EdgeDriver.java:96)
at com.crm.jenericutility.BaseClass.BC(BaseClass.java:57)
at java.base/java.util.ArrayList.forEach(ArrayList.java:1511)
at java.base/java.util.concurrent.FutureTask.run(FutureTask.java:264)
at java.base/java.util.concurrent.ThreadPoolExecutor.runWorker(ThreadPoolExecutor.java:1130)
at java.base/java.util.concurrent.ThreadPoolExecutor$Worker.run(ThreadPoolExecutor.java:630)
at java.base/java.lang.Thread.run(Thread.java:831)
... Removed 16 stack frames]]>
    </failure>
  </testcase> <!-- @BeforeClass BC -->
  <testcase classname="com.crm.jenericutility.BaseClass" name="@BeforeMethod BM" time="-1.665852219023E9">
    <skipped/>
  </testcase> <!-- @BeforeMethod BM -->
  <testcase classname="com.crm.jenericutility.BaseClass" name="@AfterMethod AM" time="-1.665852219045E9">
    <skipped/>
  </testcase> <!-- @AfterMethod AM -->
  <testcase classname="com.crm.jenericutility.BaseClass" name="@AfterClass AC" time="-1.665852219054E9">
    <skipped/>
  </testcase> <!-- @AfterClass AC -->
  <testcase classname="com.crm.product.DeleteProductTest" name="deleteProductTest" time="0.0">
    <skipped/>
  </testcase> <!-- deleteProductTest -->
</testsuite> <!-- test2 -->
