<?xml version="1.0" encoding="UTF-8"?>
<!-- Generated by org.testng.reporters.JUnitXMLReporter -->
<testsuite ignored="11" hostname="LAPTOP-KM09S0GE" failures="0" tests="3" name="Test" time="0.224" errors="0" timestamp="2022-10-15T23:23:14 IST">
  <testcase classname="com.crm.jenericutility.BaseClass" name="@BeforeClass BC" time="-1.665856393951E9">
    <failure type="org.testng.TestNGException" message="
Parameter &amp;apos;BROWSER&amp;apos; is required by BeforeClass on method BC but has not been marked @Optional or defined
in E:\java\oop\com.crm.farmework\regionalregrtestng.xml">
      <![CDATA[org.testng.TestNGException: 
Parameter 'BROWSER' is required by BeforeClass on method BC but has not been marked @Optional or defined
in E:\java\oop\com.crm.farmework\regionalregrtestng.xml
at java.base/java.util.concurrent.ThreadPoolExecutor.runWorker(ThreadPoolExecutor.java:1130)
at java.base/java.util.concurrent.ThreadPoolExecutor$Worker.run(ThreadPoolExecutor.java:630)
at java.base/java.lang.Thread.run(Thread.java:831)
... Removed 7 stack frames]]>
    </failure>
  </testcase> <!-- @BeforeClass BC -->
  <testcase classname="com.crm.jenericutility.BaseClass" name="@BeforeClass BC" time="-1.66585639395E9">
    <failure type="org.testng.TestNGException" message="
Parameter &amp;apos;BROWSER&amp;apos; is required by BeforeClass on method BC but has not been marked @Optional or defined
in E:\java\oop\com.crm.farmework\regionalregrtestng.xml">
      <![CDATA[org.testng.TestNGException: 
Parameter 'BROWSER' is required by BeforeClass on method BC but has not been marked @Optional or defined
in E:\java\oop\com.crm.farmework\regionalregrtestng.xml
at java.base/java.util.concurrent.ThreadPoolExecutor.runWorker(ThreadPoolExecutor.java:1130)
at java.base/java.util.concurrent.ThreadPoolExecutor$Worker.run(ThreadPoolExecutor.java:630)
at java.base/java.lang.Thread.run(Thread.java:831)
... Removed 7 stack frames]]>
    </failure>
  </testcase> <!-- @BeforeClass BC -->
  <testcase classname="com.crm.jenericutility.BaseClass" name="@BeforeClass BC" time="-1.665856393952E9">
    <failure type="org.testng.TestNGException" message="
Parameter &amp;apos;BROWSER&amp;apos; is required by BeforeClass on method BC but has not been marked @Optional or defined
in E:\java\oop\com.crm.farmework\regionalregrtestng.xml">
      <![CDATA[org.testng.TestNGException: 
Parameter 'BROWSER' is required by BeforeClass on method BC but has not been marked @Optional or defined
in E:\java\oop\com.crm.farmework\regionalregrtestng.xml
at java.base/java.util.concurrent.ThreadPoolExecutor.runWorker(ThreadPoolExecutor.java:1130)
at java.base/java.util.concurrent.ThreadPoolExecutor$Worker.run(ThreadPoolExecutor.java:630)
at java.base/java.lang.Thread.run(Thread.java:831)
... Removed 7 stack frames]]>
    </failure>
  </testcase> <!-- @BeforeClass BC -->
  <testcase classname="com.crm.jenericutility.BaseClass" name="@BeforeMethod BM" time="-1.665856394021E9">
    <skipped/>
  </testcase> <!-- @BeforeMethod BM -->
  <testcase classname="com.crm.jenericutility.BaseClass" name="@BeforeMethod BM" time="-1.665856394021E9">
    <skipped/>
  </testcase> <!-- @BeforeMethod BM -->
  <testcase classname="com.crm.jenericutility.BaseClass" name="@BeforeMethod BM" time="-1.665856394021E9">
    <skipped/>
  </testcase> <!-- @BeforeMethod BM -->
  <testcase classname="com.crm.jenericutility.BaseClass" name="@AfterMethod AM" time="-1.665856394044E9">
    <skipped/>
  </testcase> <!-- @AfterMethod AM -->
  <testcase classname="com.crm.jenericutility.BaseClass" name="@AfterMethod AM" time="-1.665856394061E9">
    <skipped/>
  </testcase> <!-- @AfterMethod AM -->
  <testcase classname="com.crm.jenericutility.BaseClass" name="@AfterClass AC" time="-1.665856394056E9">
    <skipped/>
  </testcase> <!-- @AfterClass AC -->
  <testcase classname="com.crm.jenericutility.BaseClass" name="@AfterMethod AM" time="-1.665856394066E9">
    <skipped/>
  </testcase> <!-- @AfterMethod AM -->
  <testcase classname="com.crm.jenericutility.BaseClass" name="@AfterClass AC" time="-1.665856394071E9">
    <skipped/>
  </testcase> <!-- @AfterClass AC -->
  <testcase classname="com.crm.jenericutility.BaseClass" name="@AfterClass AC" time="-1.66585639408E9">
    <skipped/>
  </testcase> <!-- @AfterClass AC -->
  <testcase classname="com.crm.organization.CreateOrganizationTest" name="modifiedOrg" time="0.0">
    <skipped/>
  </testcase> <!-- modifiedOrg -->
  <testcase classname="com.crm.product.CreateProductTest" name="modifiyProduct" time="0.0">
    <skipped/>
  </testcase> <!-- modifiyProduct -->
  <testcase classname="com.crm.product.DeleteProductTest" name="recoverProduct" time="0.0">
    <skipped/>
  </testcase> <!-- recoverProduct -->
  <testcase classname="com.crm.product.DeleteProductTest" name="deleteProductTest" time="0.0">
    <ignored/>
  </testcase> <!-- deleteProductTest -->
  <testcase classname="com.crm.product.CreateProductTest" name="createProductTest" time="0.0">
    <ignored/>
  </testcase> <!-- createProductTest -->
  <testcase classname="com.crm.jenericutility.BaseClass" name="@AfterTest AT" time="0.0">
    <ignored/>
  </testcase> <!-- @AfterTest AT -->
  <testcase classname="com.crm.jenericutility.BaseClass" name="@AfterTest AT" time="0.0">
    <ignored/>
  </testcase> <!-- @AfterTest AT -->
  <testcase classname="com.crm.jenericutility.BaseClass" name="@BeforeSuite BS" time="0.0">
    <ignored/>
  </testcase> <!-- @BeforeSuite BS -->
  <testcase classname="com.crm.jenericutility.BaseClass" name="@BeforeSuite BS" time="0.0">
    <ignored/>
  </testcase> <!-- @BeforeSuite BS -->
  <testcase classname="com.crm.jenericutility.BaseClass" name="@BeforeTest BT" time="0.0">
    <ignored/>
  </testcase> <!-- @BeforeTest BT -->
  <testcase classname="com.crm.jenericutility.BaseClass" name="@BeforeTest BT" time="0.0">
    <ignored/>
  </testcase> <!-- @BeforeTest BT -->
  <testcase classname="com.crm.jenericutility.BaseClass" name="@AfterSuite AS" time="0.0">
    <ignored/>
  </testcase> <!-- @AfterSuite AS -->
  <testcase classname="com.crm.jenericutility.BaseClass" name="@AfterSuite AS" time="0.0">
    <ignored/>
  </testcase> <!-- @AfterSuite AS -->
  <testcase classname="com.crm.organization.CreateOrganizationTest" name="createOrganizationTest" time="0.0">
    <ignored/>
  </testcase> <!-- createOrganizationTest -->
</testsuite> <!-- Test -->
