<html>
<head>
<title>TestNG:  Test</title>
<link href="../testng.css" rel="stylesheet" type="text/css" />
<link href="../my-testng.css" rel="stylesheet" type="text/css" />

<style type="text/css">
.log { display: none;} 
.stack-trace { display: none;} 
</style>
<script type="text/javascript">
<!--
function flip(e) {
  current = e.style.display;
  if (current == 'block') {
    e.style.display = 'none';
    return 0;
  }
  else {
    e.style.display = 'block';
    return 1;
  }
}

function toggleBox(szDivId, elem, msg1, msg2)
{
  var res = -1;  if (document.getElementById) {
    res = flip(document.getElementById(szDivId));
  }
  else if (document.all) {
    // this is the way old msie versions work
    res = flip(document.all[szDivId]);
  }
  if(elem) {
    if(res == 0) elem.innerHTML = msg1; else elem.innerHTML = msg2;
  }

}

function toggleAllBoxes() {
  if (document.getElementsByTagName) {
    d = document.getElementsByTagName('div');
    for (i = 0; i < d.length; i++) {
      if (d[i].className == 'log') {
        flip(d[i]);
      }
    }
  }
}

// -->
</script>

</head>
<body>
<h2 align='center'>Test</h2><table border='1' align="center">
<tr>
<td>Tests passed/Failed/Skipped:</td><td>0/0/3</td>
</tr><tr>
<td>Started on:</td><td>Sat Oct 15 23:23:13 IST 2022</td>
</tr>
<tr><td>Total time:</td><td>0 seconds (224 ms)</td>
</tr><tr>
<td>Included groups:</td><td></td>
</tr><tr>
<td>Excluded groups:</td><td></td>
</tr>
</table><p/>
<small><i>(Hover the method name to see the test class name)</i></small><p/>
<table width='100%' border='1' class='invocation-failed'>
<tr><td colspan='4' align='center'><b>FAILED CONFIGURATIONS</b></td></tr>
<tr><td><b>Test method</b></td>
<td width="30%"><b>Exception</b></td>
<td width="10%"><b>Time (seconds)</b></td>
<td><b>Instance</b></td>
</tr>
<tr>
<td title='com.crm.product.DeleteProductTest.BC()'><b>BC</b><br>Test class: com.crm.product.DeleteProductTest</td>
<td><div><pre>org.testng.TestNGException: 
Parameter &apos;BROWSER&apos; is required by BeforeClass on method BC but has not been marked @Optional or defined
in E:\java\oop\com.crm.farmework\regionalregrtestng.xml
	at java.base/java.util.concurrent.ThreadPoolExecutor.runWorker(ThreadPoolExecutor.java:1130)
	at java.base/java.util.concurrent.ThreadPoolExecutor$Worker.run(ThreadPoolExecutor.java:630)
	at java.base/java.lang.Thread.run(Thread.java:831)
... Removed 7 stack frames</pre></div><a href='#' onClick='toggleBox("stack-trace667503353", this, "Click to show all stack frames", "Click to hide stack frames")'>Click to show all stack frames</a>
<div class='stack-trace' id='stack-trace667503353'><pre>org.testng.TestNGException: 
Parameter &apos;BROWSER&apos; is required by BeforeClass on method BC but has not been marked @Optional or defined
in E:\java\oop\com.crm.farmework\regionalregrtestng.xml
	at org.testng.internal.Parameters.createParams(Parameters.java:270)
	at org.testng.internal.Parameters.createParametersForMethod(Parameters.java:358)
	at org.testng.internal.Parameters.createParameters(Parameters.java:700)
	at org.testng.internal.Parameters.createConfigurationParameters(Parameters.java:168)
	at org.testng.internal.ConfigInvoker.invokeConfigurations(ConfigInvoker.java:302)
	at org.testng.internal.TestMethodWorker.invokeBeforeClassMethods(TestMethodWorker.java:176)
	at org.testng.internal.TestMethodWorker.run(TestMethodWorker.java:122)
	at java.base/java.util.concurrent.ThreadPoolExecutor.runWorker(ThreadPoolExecutor.java:1130)
	at java.base/java.util.concurrent.ThreadPoolExecutor$Worker.run(ThreadPoolExecutor.java:630)
	at java.base/java.lang.Thread.run(Thread.java:831)
</pre></div></td>
<td>-1665856393</td>
<td>com.crm.product.DeleteProductTest@3c7f66c4</td></tr>
<tr>
<td title='com.crm.organization.CreateOrganizationTest.BC()'><b>BC</b><br>Test class: com.crm.organization.CreateOrganizationTest</td>
<td><div><pre>org.testng.TestNGException: 
Parameter &apos;BROWSER&apos; is required by BeforeClass on method BC but has not been marked @Optional or defined
in E:\java\oop\com.crm.farmework\regionalregrtestng.xml
	at java.base/java.util.concurrent.ThreadPoolExecutor.runWorker(ThreadPoolExecutor.java:1130)
	at java.base/java.util.concurrent.ThreadPoolExecutor$Worker.run(ThreadPoolExecutor.java:630)
	at java.base/java.lang.Thread.run(Thread.java:831)
... Removed 7 stack frames</pre></div><a href='#' onClick='toggleBox("stack-trace2094511782", this, "Click to show all stack frames", "Click to hide stack frames")'>Click to show all stack frames</a>
<div class='stack-trace' id='stack-trace2094511782'><pre>org.testng.TestNGException: 
Parameter &apos;BROWSER&apos; is required by BeforeClass on method BC but has not been marked @Optional or defined
in E:\java\oop\com.crm.farmework\regionalregrtestng.xml
	at org.testng.internal.Parameters.createParams(Parameters.java:270)
	at org.testng.internal.Parameters.createParametersForMethod(Parameters.java:358)
	at org.testng.internal.Parameters.createParameters(Parameters.java:700)
	at org.testng.internal.Parameters.createConfigurationParameters(Parameters.java:168)
	at org.testng.internal.ConfigInvoker.invokeConfigurations(ConfigInvoker.java:302)
	at org.testng.internal.TestMethodWorker.invokeBeforeClassMethods(TestMethodWorker.java:176)
	at org.testng.internal.TestMethodWorker.run(TestMethodWorker.java:122)
	at java.base/java.util.concurrent.ThreadPoolExecutor.runWorker(ThreadPoolExecutor.java:1130)
	at java.base/java.util.concurrent.ThreadPoolExecutor$Worker.run(ThreadPoolExecutor.java:630)
	at java.base/java.lang.Thread.run(Thread.java:831)
</pre></div></td>
<td>-1665856393</td>
<td>com.crm.organization.CreateOrganizationTest@194bcebf</td></tr>
<tr>
<td title='com.crm.product.CreateProductTest.BC()'><b>BC</b><br>Test class: com.crm.product.CreateProductTest</td>
<td><div><pre>org.testng.TestNGException: 
Parameter &apos;BROWSER&apos; is required by BeforeClass on method BC but has not been marked @Optional or defined
in E:\java\oop\com.crm.farmework\regionalregrtestng.xml
	at java.base/java.util.concurrent.ThreadPoolExecutor.runWorker(ThreadPoolExecutor.java:1130)
	at java.base/java.util.concurrent.ThreadPoolExecutor$Worker.run(ThreadPoolExecutor.java:630)
	at java.base/java.lang.Thread.run(Thread.java:831)
... Removed 7 stack frames</pre></div><a href='#' onClick='toggleBox("stack-trace494131135", this, "Click to show all stack frames", "Click to hide stack frames")'>Click to show all stack frames</a>
<div class='stack-trace' id='stack-trace494131135'><pre>org.testng.TestNGException: 
Parameter &apos;BROWSER&apos; is required by BeforeClass on method BC but has not been marked @Optional or defined
in E:\java\oop\com.crm.farmework\regionalregrtestng.xml
	at org.testng.internal.Parameters.createParams(Parameters.java:270)
	at org.testng.internal.Parameters.createParametersForMethod(Parameters.java:358)
	at org.testng.internal.Parameters.createParameters(Parameters.java:700)
	at org.testng.internal.Parameters.createConfigurationParameters(Parameters.java:168)
	at org.testng.internal.ConfigInvoker.invokeConfigurations(ConfigInvoker.java:302)
	at org.testng.internal.TestMethodWorker.invokeBeforeClassMethods(TestMethodWorker.java:176)
	at org.testng.internal.TestMethodWorker.run(TestMethodWorker.java:122)
	at java.base/java.util.concurrent.ThreadPoolExecutor.runWorker(ThreadPoolExecutor.java:1130)
	at java.base/java.util.concurrent.ThreadPoolExecutor$Worker.run(ThreadPoolExecutor.java:630)
	at java.base/java.lang.Thread.run(Thread.java:831)
</pre></div></td>
<td>-1665856393</td>
<td>com.crm.product.CreateProductTest@57cf54e1</td></tr>
</table><p>
<table width='100%' border='1' class='invocation-skipped'>
<tr><td colspan='4' align='center'><b>SKIPPED CONFIGURATIONS</b></td></tr>
<tr><td><b>Test method</b></td>
<td width="30%"><b>Exception</b></td>
<td width="10%"><b>Time (seconds)</b></td>
<td><b>Instance</b></td>
</tr>
<tr>
<td title='com.crm.product.DeleteProductTest.AC()'><b>AC</b><br>Test class: com.crm.product.DeleteProductTest</td>
<td></td>
<td>-1665856394</td>
<td>com.crm.product.DeleteProductTest@3c7f66c4</td></tr>
<tr>
<td title='com.crm.organization.CreateOrganizationTest.BM()'><b>BM</b><br>Test class: com.crm.organization.CreateOrganizationTest</td>
<td></td>
<td>-1665856394</td>
<td>com.crm.organization.CreateOrganizationTest@194bcebf</td></tr>
<tr>
<td title='com.crm.product.DeleteProductTest.AM()'><b>AM</b><br>Test class: com.crm.product.DeleteProductTest</td>
<td></td>
<td>-1665856394</td>
<td>com.crm.product.DeleteProductTest@3c7f66c4</td></tr>
<tr>
<td title='com.crm.organization.CreateOrganizationTest.AM()'><b>AM</b><br>Test class: com.crm.organization.CreateOrganizationTest</td>
<td></td>
<td>-1665856394</td>
<td>com.crm.organization.CreateOrganizationTest@194bcebf</td></tr>
<tr>
<td title='com.crm.product.CreateProductTest.BM()'><b>BM</b><br>Test class: com.crm.product.CreateProductTest</td>
<td></td>
<td>-1665856394</td>
<td>com.crm.product.CreateProductTest@57cf54e1</td></tr>
<tr>
<td title='com.crm.product.CreateProductTest.AC()'><b>AC</b><br>Test class: com.crm.product.CreateProductTest</td>
<td></td>
<td>-1665856394</td>
<td>com.crm.product.CreateProductTest@57cf54e1</td></tr>
<tr>
<td title='com.crm.product.DeleteProductTest.BM()'><b>BM</b><br>Test class: com.crm.product.DeleteProductTest</td>
<td></td>
<td>-1665856394</td>
<td>com.crm.product.DeleteProductTest@3c7f66c4</td></tr>
<tr>
<td title='com.crm.product.CreateProductTest.AM()'><b>AM</b><br>Test class: com.crm.product.CreateProductTest</td>
<td></td>
<td>-1665856394</td>
<td>com.crm.product.CreateProductTest@57cf54e1</td></tr>
<tr>
<td title='com.crm.organization.CreateOrganizationTest.AC()'><b>AC</b><br>Test class: com.crm.organization.CreateOrganizationTest</td>
<td></td>
<td>-1665856394</td>
<td>com.crm.organization.CreateOrganizationTest@194bcebf</td></tr>
</table><p>
<table width='100%' border='1' class='invocation-skipped'>
<tr><td colspan='4' align='center'><b>SKIPPED TESTS</b></td></tr>
<tr><td><b>Test method</b></td>
<td width="30%"><b>Exception</b></td>
<td width="10%"><b>Time (seconds)</b></td>
<td><b>Instance</b></td>
</tr>
<tr>
<td title='com.crm.organization.CreateOrganizationTest.modifiedOrg()'><b>modifiedOrg</b><br>Test class: com.crm.organization.CreateOrganizationTest</td>
<td><div><pre>org.testng.TestNGException: 
Parameter &apos;BROWSER&apos; is required by BeforeClass on method BC but has not been marked @Optional or defined
in E:\java\oop\com.crm.farmework\regionalregrtestng.xml
	at java.base/java.util.concurrent.ThreadPoolExecutor.runWorker(ThreadPoolExecutor.java:1130)
	at java.base/java.util.concurrent.ThreadPoolExecutor$Worker.run(ThreadPoolExecutor.java:630)
	at java.base/java.lang.Thread.run(Thread.java:831)
... Removed 7 stack frames</pre></div><a href='#' onClick='toggleBox("stack-trace1043253245", this, "Click to show all stack frames", "Click to hide stack frames")'>Click to show all stack frames</a>
<div class='stack-trace' id='stack-trace1043253245'><pre>org.testng.TestNGException: 
Parameter &apos;BROWSER&apos; is required by BeforeClass on method BC but has not been marked @Optional or defined
in E:\java\oop\com.crm.farmework\regionalregrtestng.xml
	at org.testng.internal.Parameters.createParams(Parameters.java:270)
	at org.testng.internal.Parameters.createParametersForMethod(Parameters.java:358)
	at org.testng.internal.Parameters.createParameters(Parameters.java:700)
	at org.testng.internal.Parameters.createConfigurationParameters(Parameters.java:168)
	at org.testng.internal.ConfigInvoker.invokeConfigurations(ConfigInvoker.java:302)
	at org.testng.internal.TestMethodWorker.invokeBeforeClassMethods(TestMethodWorker.java:176)
	at org.testng.internal.TestMethodWorker.run(TestMethodWorker.java:122)
	at java.base/java.util.concurrent.ThreadPoolExecutor.runWorker(ThreadPoolExecutor.java:1130)
	at java.base/java.util.concurrent.ThreadPoolExecutor$Worker.run(ThreadPoolExecutor.java:630)
	at java.base/java.lang.Thread.run(Thread.java:831)
</pre></div></td>
<td>0</td>
<td>com.crm.organization.CreateOrganizationTest@194bcebf</td></tr>
<tr>
<td title='com.crm.product.CreateProductTest.modifiyProduct()'><b>modifiyProduct</b><br>Test class: com.crm.product.CreateProductTest</td>
<td><div><pre>org.testng.TestNGException: 
Parameter &apos;BROWSER&apos; is required by BeforeClass on method BC but has not been marked @Optional or defined
in E:\java\oop\com.crm.farmework\regionalregrtestng.xml
	at java.base/java.util.concurrent.ThreadPoolExecutor.runWorker(ThreadPoolExecutor.java:1130)
	at java.base/java.util.concurrent.ThreadPoolExecutor$Worker.run(ThreadPoolExecutor.java:630)
	at java.base/java.lang.Thread.run(Thread.java:831)
... Removed 7 stack frames</pre></div><a href='#' onClick='toggleBox("stack-trace1057510048", this, "Click to show all stack frames", "Click to hide stack frames")'>Click to show all stack frames</a>
<div class='stack-trace' id='stack-trace1057510048'><pre>org.testng.TestNGException: 
Parameter &apos;BROWSER&apos; is required by BeforeClass on method BC but has not been marked @Optional or defined
in E:\java\oop\com.crm.farmework\regionalregrtestng.xml
	at org.testng.internal.Parameters.createParams(Parameters.java:270)
	at org.testng.internal.Parameters.createParametersForMethod(Parameters.java:358)
	at org.testng.internal.Parameters.createParameters(Parameters.java:700)
	at org.testng.internal.Parameters.createConfigurationParameters(Parameters.java:168)
	at org.testng.internal.ConfigInvoker.invokeConfigurations(ConfigInvoker.java:302)
	at org.testng.internal.TestMethodWorker.invokeBeforeClassMethods(TestMethodWorker.java:176)
	at org.testng.internal.TestMethodWorker.run(TestMethodWorker.java:122)
	at java.base/java.util.concurrent.ThreadPoolExecutor.runWorker(ThreadPoolExecutor.java:1130)
	at java.base/java.util.concurrent.ThreadPoolExecutor$Worker.run(ThreadPoolExecutor.java:630)
	at java.base/java.lang.Thread.run(Thread.java:831)
</pre></div></td>
<td>0</td>
<td>com.crm.product.CreateProductTest@57cf54e1</td></tr>
<tr>
<td title='com.crm.product.DeleteProductTest.recoverProduct()'><b>recoverProduct</b><br>Test class: com.crm.product.DeleteProductTest</td>
<td><div><pre>org.testng.TestNGException: 
Parameter &apos;BROWSER&apos; is required by BeforeClass on method BC but has not been marked @Optional or defined
in E:\java\oop\com.crm.farmework\regionalregrtestng.xml
	at java.base/java.util.concurrent.ThreadPoolExecutor.runWorker(ThreadPoolExecutor.java:1130)
	at java.base/java.util.concurrent.ThreadPoolExecutor$Worker.run(ThreadPoolExecutor.java:630)
	at java.base/java.lang.Thread.run(Thread.java:831)
... Removed 7 stack frames</pre></div><a href='#' onClick='toggleBox("stack-trace1795218127", this, "Click to show all stack frames", "Click to hide stack frames")'>Click to show all stack frames</a>
<div class='stack-trace' id='stack-trace1795218127'><pre>org.testng.TestNGException: 
Parameter &apos;BROWSER&apos; is required by BeforeClass on method BC but has not been marked @Optional or defined
in E:\java\oop\com.crm.farmework\regionalregrtestng.xml
	at org.testng.internal.Parameters.createParams(Parameters.java:270)
	at org.testng.internal.Parameters.createParametersForMethod(Parameters.java:358)
	at org.testng.internal.Parameters.createParameters(Parameters.java:700)
	at org.testng.internal.Parameters.createConfigurationParameters(Parameters.java:168)
	at org.testng.internal.ConfigInvoker.invokeConfigurations(ConfigInvoker.java:302)
	at org.testng.internal.TestMethodWorker.invokeBeforeClassMethods(TestMethodWorker.java:176)
	at org.testng.internal.TestMethodWorker.run(TestMethodWorker.java:122)
	at java.base/java.util.concurrent.ThreadPoolExecutor.runWorker(ThreadPoolExecutor.java:1130)
	at java.base/java.util.concurrent.ThreadPoolExecutor$Worker.run(ThreadPoolExecutor.java:630)
	at java.base/java.lang.Thread.run(Thread.java:831)
</pre></div></td>
<td>0</td>
<td>com.crm.product.DeleteProductTest@3c7f66c4</td></tr>
</table><p>
</body>
</html>