<?xml version="1.0" encoding="UTF-8"?>
<!-- Generated by org.testng.reporters.JUnitReportReporter -->
<testsuite hostname="LAPTOP-KM09S0GE" failures="0" tests="2" name="com.crm.organization.CreateOrganizationTest" time="-1665856384.000" errors="1" timestamp="2022-10-15T23:23:14 IST" skipped="1">
  <testcase classname="com.crm.organization.CreateOrganizationTest" name="BC" time="-1665856384.000">
    <error message="
Parameter &#039;BROWSER&#039; is required by BeforeClass on method BC but has not been marked @Optional or defined
in E:\java\oop\com.crm.farmework\regionalregrtestng.xml" type="org.testng.TestNGException">
      <![CDATA[org.testng.TestNGException: 
Parameter 'BROWSER' is required by BeforeClass on method BC but has not been marked @Optional or defined
in E:\java\oop\com.crm.farmework\regionalregrtestng.xml
at org.testng.internal.Parameters.createParams(Parameters.java:270)
at org.testng.internal.Parameters.createParametersForMethod(Parameters.java:358)
at org.testng.internal.Parameters.createParameters(Parameters.java:700)
at org.testng.internal.Parameters.createConfigurationParameters(Parameters.java:168)
at org.testng.internal.ConfigInvoker.invokeConfigurations(ConfigInvoker.java:302)
at org.testng.internal.TestMethodWorker.invokeBeforeClassMethods(TestMethodWorker.java:176)
at org.testng.internal.TestMethodWorker.run(TestMethodWorker.java:122)
at java.base/java.util.concurrent.ThreadPoolExecutor.runWorker(ThreadPoolExecutor.java:1130)
at java.base/java.util.concurrent.ThreadPoolExecutor$Worker.run(ThreadPoolExecutor.java:630)
at java.base/java.lang.Thread.run(Thread.java:831)
]]>
    </error>
  </testcase> <!-- BC -->
  <system-out/>
  <testcase classname="com.crm.organization.CreateOrganizationTest" name="modifiedOrg" time="0.000">
    <skipped/>
  </testcase> <!-- modifiedOrg -->
  <system-out/>
</testsuite> <!-- com.crm.organization.CreateOrganizationTest -->
